<?xml version="1.0" encoding="UTF-8"?>
<!-- Generated by org.testng.reporters.JUnitReportReporter -->
<testsuite hostname="Guru" failures="0" tests="3" name="com.samples.Webapp" time="12.791" errors="0" timestamp="2022-10-12T03:55:23 IST" skipped="0">
  <testcase classname="com.samples.Webapp" name="loadtime" time="0.186"/>
  <system-out/>
  <testcase classname="com.samples.Webapp" name="search" time="6.431"/>
  <system-out/>
  <testcase classname="com.samples.Webapp" name="scroll" time="6.174"/>
  <system-out/>
</testsuite> <!-- com.samples.Webapp -->
